2024-07-20 20:03:32,100 [Worker-7: Loading available Gradle versions] INFO  o.e.b.c.i.u.g.PublishedGradleVersions - Gradle version information cache is up-to-date. Trying to read.
2024-07-20 20:05:52,556 [Worker-10: Building] INFO  o.e.m.c.i.l.LifecycleMappingFactory - Using org.eclipse.m2e.jdt.JarLifecycleMapping lifecycle mapping for MavenProject: it.alessandroLeanza.pizza:pizza:0.0.1-SNAPSHOT @ /Users/alessandroleanza/Documents/Boolean/Repository/Esercizi spring/spring-la-mia-pizzeria-security/pom.xml.
2024-07-20 20:05:55,160 [Worker-10: Building] INFO  o.a.m.s.f.DefaultMavenResourcesFiltering - Copying 1 resource from src/main/resources to target/classes
2024-07-20 20:05:55,195 [Worker-10: Building] INFO  o.a.m.s.f.DefaultMavenResourcesFiltering - Copying 5 resources from src/main/resources to target/classes
2024-07-20 20:05:55,225 [Worker-10: Building] INFO  o.a.m.s.f.DefaultMavenResourcesFiltering - skip non existing resourceDirectory /Users/alessandroleanza/Documents/Boolean/Repository/Esercizi spring/spring-la-mia-pizzeria-security/src/test/resources
2024-07-20 20:05:56,664 [Worker-11: Building] INFO  o.a.m.s.f.DefaultMavenResourcesFiltering - Copying 1 resource from src/main/resources to target/classes
2024-07-20 20:05:56,669 [Worker-11: Building] INFO  o.a.m.s.f.DefaultMavenResourcesFiltering - Copying 5 resources from src/main/resources to target/classes
2024-07-20 20:05:56,681 [Worker-11: Building] INFO  o.a.m.s.f.DefaultMavenResourcesFiltering - skip non existing resourceDirectory /Users/alessandroleanza/Documents/Boolean/Repository/Esercizi spring/spring-la-mia-pizzeria-security/src/test/resources
2024-07-20 20:08:09,086 [Worker-17: Building] INFO  o.a.m.s.f.DefaultMavenResourcesFiltering - Copying 1 resource from src/main/resources to target/classes
2024-07-20 20:08:09,094 [Worker-17: Building] INFO  o.a.m.s.f.DefaultMavenResourcesFiltering - Copying 5 resources from src/main/resources to target/classes
2024-07-20 20:08:09,100 [Worker-17: Building] INFO  o.a.m.s.f.DefaultMavenResourcesFiltering - skip non existing resourceDirectory /Users/alessandroleanza/Documents/Boolean/Repository/Esercizi spring/spring-la-mia-pizzeria-security/src/test/resources
2024-07-20 20:10:03,227 [Worker-9: Building] INFO  o.a.m.s.f.DefaultMavenResourcesFiltering - Copying 1 resource from src/main/resources to target/classes
2024-07-20 20:10:03,237 [Worker-9: Building] INFO  o.a.m.s.f.DefaultMavenResourcesFiltering - Copying 5 resources from src/main/resources to target/classes
2024-07-20 20:10:03,242 [Worker-9: Building] INFO  o.a.m.s.f.DefaultMavenResourcesFiltering - skip non existing resourceDirectory /Users/alessandroleanza/Documents/Boolean/Repository/Esercizi spring/spring-la-mia-pizzeria-security/src/test/resources
2024-07-20 20:14:02,339 [Worker-21: Building] INFO  o.a.m.s.f.DefaultMavenResourcesFiltering - Copying 1 resource from src/main/resources to target/classes
2024-07-20 20:14:02,348 [Worker-21: Building] INFO  o.a.m.s.f.DefaultMavenResourcesFiltering - Copying 5 resources from src/main/resources to target/classes
2024-07-20 20:14:02,357 [Worker-21: Building] INFO  o.a.m.s.f.DefaultMavenResourcesFiltering - skip non existing resourceDirectory /Users/alessandroleanza/Documents/Boolean/Repository/Esercizi spring/spring-la-mia-pizzeria-security/src/test/resources
2024-07-20 20:15:22,376 [Worker-19: Building] INFO  o.a.m.s.f.DefaultMavenResourcesFiltering - Copying 1 resource from src/main/resources to target/classes
2024-07-20 20:15:22,387 [Worker-19: Building] INFO  o.a.m.s.f.DefaultMavenResourcesFiltering - Copying 5 resources from src/main/resources to target/classes
2024-07-20 20:15:22,394 [Worker-19: Building] INFO  o.a.m.s.f.DefaultMavenResourcesFiltering - skip non existing resourceDirectory /Users/alessandroleanza/Documents/Boolean/Repository/Esercizi spring/spring-la-mia-pizzeria-security/src/test/resources
